{
  "unit-tests": {
    "coverage": {
      "/Users/tom/src/personal/rails-prg/lib/rails/prg.rb": [
        1,
        1,
        null,
        1,
        1,
        1,
        null,
        null
      ],
      "/Users/tom/src/personal/rails-prg/lib/rails/prg/railtie.rb": [
        1,
        null,
        1,
        1,
        1,
        1,
        1,
        1,
        null,
        null,
        null,
        null,
        null
      ],
      "/Users/tom/src/personal/rails-prg/lib/rails-prg.rb": [
        1,
        1,
        null,
        null,
        null
      ],
      "/Users/tom/src/personal/rails-prg/lib/rails/prg/redirected_object_controller.rb": [
        1,
        null,
        1,
        null,
        null,
        null,
        null,
        null,
        null,
        null,
        null,
        null,
        null,
        null,
        null,
        null,
        1,
        1,
        null,
        null,
        null,
        1,
        10,
        9,
        9,
        null,
        9,
        null,
        9,
        null,
        null,
        null,
        10,
        null,
        null,
        null,
        null,
        1,
        3,
        null,
        2,
        2,
        null,
        null,
        null,
        null,
        null,
        1,
        null,
        null,
        null,
        1,
        12,
        4,
        1,
        1,
        null,
        3,
        null,
        4,
        null,
        null,
        null,
        null,
        1,
        9,
        7,
        7,
        null,
        null,
        null,
        null,
        null,
        null,
        1,
        9,
        null,
        6,
        6,
        null,
        null,
        null,
        null,
        null
      ]
    },
    "timestamp": 1394967044
  },
  "firefox-features": {
    "coverage": {
      "/Users/tom/src/personal/rails-prg/lib/rails/prg.rb": [
        1,
        1,
        null,
        1,
        1,
        1,
        null,
        null
      ],
      "/Users/tom/src/personal/rails-prg/lib/rails/prg/railtie.rb": [
        1,
        null,
        1,
        1,
        1,
        1,
        1,
        1,
        null,
        null,
        null,
        null,
        null
      ],
      "/Users/tom/src/personal/rails-prg/lib/rails-prg.rb": [
        1,
        1,
        null,
        null,
        null
      ],
      "/Users/tom/src/personal/rails-prg/lib/rails/prg/redirected_object_controller.rb": [
        1,
        null,
        1,
        null,
        null,
        null,
        null,
        null,
        null,
        null,
        null,
        null,
        null,
        null,
        null,
        null,
        1,
        1,
        null,
        null,
        null,
        1,
        6,
        2,
        2,
        null,
        2,
        null,
        2,
        null,
        null,
        null,
        6,
        null,
        null,
        null,
        null,
        1,
        2,
        null,
        2,
        2,
        null,
        null,
        null,
        null,
        null,
        1,
        null,
        null,
        null,
        1,
        4,
        0,
        0,
        0,
        null,
        0,
        null,
        0,
        null,
        null,
        null,
        null,
        1,
        2,
        2,
        2,
        null,
        null,
        null,
        null,
        null,
        null,
        1,
        2,
        null,
        2,
        6,
        null,
        null,
        null,
        null,
        null
      ]
    },
    "timestamp": 1394967201
  },
  "chrome-features": {
    "coverage": {
      "/Users/tom/src/personal/rails-prg/lib/rails/prg.rb": [
        1,
        1,
        null,
        1,
        1,
        1,
        null,
        null
      ],
      "/Users/tom/src/personal/rails-prg/lib/rails/prg/railtie.rb": [
        1,
        null,
        1,
        1,
        1,
        1,
        1,
        1,
        null,
        null,
        null,
        null,
        null
      ],
      "/Users/tom/src/personal/rails-prg/lib/rails-prg.rb": [
        1,
        1,
        null,
        null,
        null
      ],
      "/Users/tom/src/personal/rails-prg/lib/rails/prg/redirected_object_controller.rb": [
        1,
        null,
        1,
        null,
        null,
        null,
        null,
        null,
        null,
        null,
        null,
        null,
        null,
        null,
        null,
        null,
        1,
        1,
        null,
        null,
        null,
        1,
        6,
        2,
        2,
        null,
        2,
        null,
        2,
        null,
        null,
        null,
        6,
        null,
        null,
        null,
        null,
        1,
        2,
        null,
        2,
        2,
        null,
        null,
        null,
        null,
        null,
        1,
        null,
        null,
        null,
        1,
        4,
        0,
        0,
        0,
        null,
        0,
        null,
        0,
        null,
        null,
        null,
        null,
        1,
        2,
        2,
        2,
        null,
        null,
        null,
        null,
        null,
        null,
        1,
        2,
        null,
        2,
        6,
        null,
        null,
        null,
        null,
        null
      ]
    },
    "timestamp": 1394967366
  },
  "safari-features": {
    "coverage": {
      "/Users/tom/src/personal/rails-prg/lib/rails/prg.rb": [
        1,
        1,
        null,
        1,
        1,
        1,
        null,
        null
      ],
      "/Users/tom/src/personal/rails-prg/lib/rails/prg/railtie.rb": [
        1,
        null,
        1,
        1,
        1,
        1,
        1,
        1,
        null,
        null,
        null,
        null,
        null
      ],
      "/Users/tom/src/personal/rails-prg/lib/rails-prg.rb": [
        1,
        1,
        null,
        null,
        null
      ],
      "/Users/tom/src/personal/rails-prg/lib/rails/prg/redirected_object_controller.rb": [
        1,
        null,
        1,
        null,
        null,
        null,
        null,
        null,
        null,
        null,
        null,
        null,
        null,
        null,
        null,
        null,
        1,
        1,
        null,
        null,
        null,
        1,
        6,
        2,
        2,
        null,
        2,
        null,
        2,
        null,
        null,
        null,
        6,
        null,
        null,
        null,
        null,
        1,
        2,
        null,
        2,
        2,
        null,
        null,
        null,
        null,
        null,
        1,
        null,
        null,
        null,
        1,
        4,
        0,
        0,
        0,
        null,
        0,
        null,
        0,
        null,
        null,
        null,
        null,
        1,
        2,
        2,
        2,
        null,
        null,
        null,
        null,
        null,
        null,
        1,
        2,
        null,
        2,
        6,
        null,
        null,
        null,
        null,
        null
      ]
    },
    "timestamp": 1394967508
  },
  "ie8-features": {
    "coverage": {
      "/Users/tom/src/personal/rails-prg/lib/rails/prg.rb": [
        1,
        1,
        null,
        1,
        1,
        1,
        null,
        null
      ],
      "/Users/tom/src/personal/rails-prg/lib/rails/prg/railtie.rb": [
        1,
        null,
        1,
        1,
        1,
        1,
        1,
        1,
        null,
        null,
        null,
        null,
        null
      ],
      "/Users/tom/src/personal/rails-prg/lib/rails-prg.rb": [
        1,
        1,
        null,
        null,
        null
      ],
      "/Users/tom/src/personal/rails-prg/lib/rails/prg/redirected_object_controller.rb": [
        1,
        null,
        1,
        null,
        null,
        null,
        null,
        null,
        null,
        null,
        null,
        null,
        null,
        null,
        null,
        null,
        1,
        1,
        null,
        null,
        null,
        1,
        7,
        2,
        2,
        null,
        2,
        null,
        2,
        null,
        null,
        null,
        7,
        null,
        null,
        null,
        null,
        1,
        2,
        null,
        2,
        2,
        null,
        null,
        null,
        null,
        null,
        1,
        null,
        null,
        null,
        1,
        4,
        0,
        0,
        0,
        null,
        0,
        null,
        0,
        null,
        null,
        null,
        null,
        1,
        2,
        2,
        2,
        null,
        null,
        null,
        null,
        null,
        null,
        1,
        2,
        null,
        2,
        6,
        null,
        null,
        null,
        null,
        null
      ]
    },
    "timestamp": 1394967681
  },
  "RSpec": {
    "coverage": {
      "/Users/tom/src/personal/rails-prg/lib/rails/prg.rb": [
        1,
        1,
        null,
        1,
        1,
        1,
        null,
        null
      ],
      "/Users/tom/src/personal/rails-prg/lib/rails/prg/railtie.rb": [
        1,
        null,
        1,
        1,
        1,
        1,
        1,
        1,
        null,
        null,
        null,
        null,
        null
      ],
      "/Users/tom/src/personal/rails-prg/lib/rails-prg.rb": [
        1,
        1,
        null,
        null,
        null
      ],
      "/Users/tom/src/personal/rails-prg/lib/rails/prg/redirected_object_controller.rb": [
        1,
        null,
        1,
        null,
        null,
        null,
        null,
        null,
        null,
        null,
        null,
        null,
        null,
        null,
        null,
        null,
        1,
        1,
        null,
        null,
        null,
        1,
        10,
        9,
        9,
        null,
        9,
        null,
        9,
        null,
        null,
        null,
        10,
        null,
        null,
        null,
        null,
        1,
        3,
        null,
        2,
        2,
        null,
        null,
        null,
        null,
        null,
        1,
        null,
        null,
        null,
        1,
        12,
        4,
        1,
        1,
        null,
        3,
        null,
        4,
        null,
        null,
        null,
        null,
        1,
        9,
        7,
        7,
        null,
        null,
        null,
        null,
        null,
        null,
        1,
        9,
        null,
        6,
        6,
        null,
        null,
        null,
        null,
        null
      ]
    },
    "timestamp": 1395188251
  }
}
